GROUP,PACKAGE,CLASS,INSTRUCTION_MISSED,INSTRUCTION_COVERED,BRANCH_MISSED,BRANCH_COVERED,LINE_MISSED,LINE_COVERED,COMPLEXITY_MISSED,COMPLEXITY_COVERED,METHOD_MISSED,METHOD_COVERED
UADetector :: Resources,net.sf.uadetector.service,UADetectorServiceFactory,7,12,0,0,4,3,3,2,3,2
UADetector :: Resources,net.sf.uadetector.service,UADetectorServiceFactory.OnlineUpdatingParserHolder,12,0,0,0,2,0,2,0,2,0
UADetector :: Resources,net.sf.uadetector.service,UADetectorServiceFactory.CachingAndUpdatingParserHolder,10,0,0,0,2,0,2,0,2,0
UADetector :: Resources,net.sf.uadetector.service,UADetectorServiceFactory.ResourceModuleXmlDataStore,0,22,0,0,0,5,0,2,0,2
